# JRE version: Java(TM) SE Runtime Environment (8.0_211-b12) (build 1.8.0_211-b12)
# Java VM: Java HotSpot(TM) 64-Bit Server VM (25.211-b12 mixed mode windows-amd64 compressed oops)
Heap:
 PSYoungGen      total 240640K, used 208936K [0x000000076af80000, 0x000000077b100000, 0x00000007c0000000)
  eden space 224256K, 93% used [0x000000076af80000,0x0000000777b8a008,0x0000000778a80000)
  from space 16384K, 0% used [0x0000000779c80000,0x0000000779c80000,0x000000077ac80000)
  to   space 18432K, 0% used [0x0000000778a80000,0x0000000778a80000,0x0000000779c80000)
 ParOldGen       total 166912K, used 24353K [0x00000006c0e00000, 0x00000006cb100000, 0x000000076af80000)
  object space 166912K, 14% used [0x00000006c0e00000,0x00000006c25c8428,0x00000006cb100000)
 Metaspace       used 46601K, capacity 47102K, committed 47360K, reserved 1091584K
  class space    used 5935K, capacity 6084K, committed 6144K, reserved 1048576K
GC Heap History (10 events):
Event: 1.962 GC heap before
{Heap before GC invocations=6 (full 1):
 PSYoungGen      total 105472K, used 104993K [0x000000076af80000, 0x0000000773f00000, 0x00000007c0000000)
  eden space 100352K, 100% used [0x000000076af80000,0x0000000771180000,0x0000000771180000)
  from space 5120K, 90% used [0x0000000773a00000,0x0000000773e88540,0x0000000773f00000)
  to   space 10752K, 0% used [0x0000000772a00000,0x0000000772a00000,0x0000000773480000)
 ParOldGen       total 105472K, used 10097K [0x00000006c0e00000, 0x00000006c7500000, 0x000000076af80000)
  object space 105472K, 9% used [0x00000006c0e00000,0x00000006c17dc518,0x00000006c7500000)
 Metaspace       used 25344K, capacity 25750K, committed 26112K, reserved 1073152K
  class space    used 3091K, capacity 3214K, committed 3328K, reserved 1048576K
Event: 1.968 GC heap after
Heap after GC invocations=6 (full 1):
 PSYoungGen      total 136192K, used 6859K [0x000000076af80000, 0x0000000775c00000, 0x00000007c0000000)
  eden space 125440K, 0% used [0x000000076af80000,0x000000076af80000,0x0000000772a00000)
  from space 10752K, 63% used [0x0000000772a00000,0x00000007730b2da0,0x0000000773480000)
  to   space 12288K, 0% used [0x0000000775000000,0x0000000775000000,0x0000000775c00000)
 ParOldGen       total 105472K, used 10105K [0x00000006c0e00000, 0x00000006c7500000, 0x000000076af80000)
  object space 105472K, 9% used [0x00000006c0e00000,0x00000006c17de518,0x00000006c7500000)
 Metaspace       used 25344K, capacity 25750K, committed 26112K, reserved 1073152K
  class space    used 3091K, capacity 3214K, committed 3328K, reserved 1048576K
}
Event: 2.526 GC heap before
{Heap before GC invocations=7 (full 1):
 PSYoungGen      total 136192K, used 132299K [0x000000076af80000, 0x0000000775c00000, 0x00000007c0000000)
  eden space 125440K, 100% used [0x000000076af80000,0x0000000772a00000,0x0000000772a00000)
  from space 10752K, 63% used [0x0000000772a00000,0x00000007730b2da0,0x0000000773480000)
  to   space 12288K, 0% used [0x0000000775000000,0x0000000775000000,0x0000000775c00000)
 ParOldGen       total 105472K, used 10105K [0x00000006c0e00000, 0x00000006c7500000, 0x000000076af80000)
  object space 105472K, 9% used [0x00000006c0e00000,0x00000006c17de518,0x00000006c7500000)
 Metaspace       used 26779K, capacity 27188K, committed 27520K, reserved 1073152K
  class space    used 3293K, capacity 3411K, committed 3456K, reserved 1048576K
Event: 2.540 GC heap after
Heap after GC invocations=7 (full 1):
 PSYoungGen      total 161792K, used 12258K [0x000000076af80000, 0x0000000778880000, 0x00000007c0000000)
  eden space 149504K, 0% used [0x000000076af80000,0x000000076af80000,0x0000000774180000)
  from space 12288K, 99% used [0x0000000775000000,0x0000000775bf8ba0,0x0000000775c00000)
  to   space 14848K, 0% used [0x0000000774180000,0x0000000774180000,0x0000000775000000)
 ParOldGen       total 105472K, used 11008K [0x00000006c0e00000, 0x00000006c7500000, 0x000000076af80000)
  object space 105472K, 10% used [0x00000006c0e00000,0x00000006c18c0160,0x00000006c7500000)
 Metaspace       used 26779K, capacity 27188K, committed 27520K, reserved 1073152K
  class space    used 3293K, capacity 3411K, committed 3456K, reserved 1048576K
}
Event: 3.387 GC heap before
{Heap before GC invocations=8 (full 1):
 PSYoungGen      total 161792K, used 161762K [0x000000076af80000, 0x0000000778880000, 0x00000007c0000000)
  eden space 149504K, 100% used [0x000000076af80000,0x0000000774180000,0x0000000774180000)
  from space 12288K, 99% used [0x0000000775000000,0x0000000775bf8ba0,0x0000000775c00000)
  to   space 14848K, 0% used [0x0000000774180000,0x0000000774180000,0x0000000775000000)
 ParOldGen       total 105472K, used 11008K [0x00000006c0e00000, 0x00000006c7500000, 0x000000076af80000)
  object space 105472K, 10% used [0x00000006c0e00000,0x00000006c18c0160,0x00000006c7500000)
 Metaspace       used 31643K, capacity 32112K, committed 32384K, reserved 1077248K
  class space    used 3962K, capacity 4109K, committed 4224K, reserved 1048576K
Event: 3.399 GC heap after
Heap after GC invocations=8 (full 1):
 PSYoungGen      total 164352K, used 13202K [0x000000076af80000, 0x000000077ac80000, 0x00000007c0000000)
  eden space 149504K, 0% used [0x000000076af80000,0x000000076af80000,0x0000000774180000)
  from space 14848K, 88% used [0x0000000774180000,0x0000000774e64b08,0x0000000775000000)
  to   space 16384K, 0% used [0x0000000779c80000,0x0000000779c80000,0x000000077ac80000)
 ParOldGen       total 105472K, used 11016K [0x00000006c0e00000, 0x00000006c7500000, 0x000000076af80000)
  object space 105472K, 10% used [0x00000006c0e00000,0x00000006c18c2160,0x00000006c7500000)
 Metaspace       used 31643K, capacity 32112K, committed 32384K, reserved 1077248K
  class space    used 3962K, capacity 4109K, committed 4224K, reserved 1048576K
}
Event: 4.082 GC heap before
{Heap before GC invocations=9 (full 1):
 PSYoungGen      total 164352K, used 159544K [0x000000076af80000, 0x000000077ac80000, 0x00000007c0000000)
  eden space 149504K, 97% used [0x000000076af80000,0x0000000773e69738,0x0000000774180000)
  from space 14848K, 88% used [0x0000000774180000,0x0000000774e64b08,0x0000000775000000)
  to   space 16384K, 0% used [0x0000000779c80000,0x0000000779c80000,0x000000077ac80000)
 ParOldGen       total 105472K, used 11016K [0x00000006c0e00000, 0x00000006c7500000, 0x000000076af80000)
  object space 105472K, 10% used [0x00000006c0e00000,0x00000006c18c2160,0x00000006c7500000)
 Metaspace       used 34850K, capacity 35304K, committed 35456K, reserved 1081344K
  class space    used 4326K, capacity 4465K, committed 4480K, reserved 1048576K
Event: 4.096 GC heap after
Heap after GC invocations=9 (full 1):
 PSYoungGen      total 240640K, used 16085K [0x000000076af80000, 0x000000077b100000, 0x00000007c0000000)
  eden space 224256K, 0% used [0x000000076af80000,0x000000076af80000,0x0000000778a80000)
  from space 16384K, 98% used [0x0000000779c80000,0x000000077ac35448,0x000000077ac80000)
  to   space 18432K, 0% used [0x0000000778a80000,0x0000000778a80000,0x0000000779c80000)
 ParOldGen       total 105472K, used 11024K [0x00000006c0e00000, 0x00000006c7500000, 0x000000076af80000)
  object space 105472K, 10% used [0x00000006c0e00000,0x00000006c18c4160,0x00000006c7500000)
 Metaspace       used 34850K, capacity 35304K, committed 35456K, reserved 1081344K
  class space    used 4326K, capacity 4465K, committed 4480K, reserved 1048576K
}
Event: 4.096 GC heap before
{Heap before GC invocations=10 (full 2):
 PSYoungGen      total 240640K, used 16085K [0x000000076af80000, 0x000000077b100000, 0x00000007c0000000)
  eden space 224256K, 0% used [0x000000076af80000,0x000000076af80000,0x0000000778a80000)
  from space 16384K, 98% used [0x0000000779c80000,0x000000077ac35448,0x000000077ac80000)
  to   space 18432K, 0% used [0x0000000778a80000,0x0000000778a80000,0x0000000779c80000)
 ParOldGen       total 105472K, used 11024K [0x00000006c0e00000, 0x00000006c7500000, 0x000000076af80000)
  object space 105472K, 10% used [0x00000006c0e00000,0x00000006c18c4160,0x00000006c7500000)
 Metaspace       used 34850K, capacity 35304K, committed 35456K, reserved 1081344K
  class space    used 4326K, capacity 4465K, committed 4480K, reserved 1048576K
Event: 4.146 GC heap after
Heap after GC invocations=10 (full 2):
 PSYoungGen      total 240640K, used 0K [0x000000076af80000, 0x000000077b100000, 0x00000007c0000000)
  eden space 224256K, 0% used [0x000000076af80000,0x000000076af80000,0x0000000778a80000)
  from space 16384K, 0% used [0x0000000779c80000,0x0000000779c80000,0x000000077ac80000)
  to   space 18432K, 0% used [0x0000000778a80000,0x0000000778a80000,0x0000000779c80000)
 ParOldGen       total 166912K, used 24353K [0x00000006c0e00000, 0x00000006cb100000, 0x000000076af80000)
  object space 166912K, 14% used [0x00000006c0e00000,0x00000006c25c8428,0x00000006cb100000)
 Metaspace       used 34850K, capacity 35304K, committed 35456K, reserved 1081344K
  class space    used 4326K, capacity 4465K, committed 4480K, reserved 1048576K
}

